<?xml version="1.0" encoding="UTF-8"?>
<!-- Generated by org.testng.reporters.JUnitReportReporter -->
<testsuite skipped="0" hostname="LAPTOP-RSES787T" name="day6.LaunchApplication" tests="4" failures="0" timestamp="2022-12-17T16:50:56 EST" time="6.274" errors="0">
  <testcase name="launchBrowser" time="4.719" classname="day6.LaunchApplication"/>
  <system-out/>
  <testcase name="launchURL" time="0.792" classname="day6.LaunchApplication"/>
  <system-out/>
  <testcase name="enterNames" time="0.658" classname="day6.LaunchApplication"/>
  <system-out/>
  <testcase name="clickButton" time="0.105" classname="day6.LaunchApplication"/>
  <system-out/>
</testsuite> <!-- day6.LaunchApplication -->
