<?xml version="1.0" encoding="UTF-8"?>
<!-- Generated by org.testng.reporters.JUnitReportReporter -->
<testsuite skipped="0" hostname="LAPTOP-RSES787T" name="selenium.JuiceShopRegisterPF" tests="1" failures="0" timestamp="2022-12-19T01:45:15 EST" time="5.873" errors="0">
  <testcase name="register" time="5.873" classname="selenium.JuiceShopRegisterPF"/>
  <system-out/>
</testsuite> <!-- selenium.JuiceShopRegisterPF -->
