<?xml version="1.0" encoding="UTF-8"?>
<!-- Generated by org.testng.reporters.JUnitReportReporter -->
<testsuite skipped="0" hostname="LAPTOP-RSES787T" name="selenium.LaunchAtt" tests="4" failures="0" timestamp="2022-12-17T17:13:02 EST" time="4.354" errors="0">
  <testcase name="launchBrowser" time="2.977" classname="selenium.LaunchAtt"/>
  <system-out/>
  <testcase name="launchUrl" time="0.706" classname="selenium.LaunchAtt"/>
  <system-out/>
  <testcase name="enterNames" time="0.469" classname="selenium.LaunchAtt"/>
  <system-out/>
  <testcase name="click" time="0.202" classname="selenium.LaunchAtt"/>
  <system-out/>
</testsuite> <!-- selenium.LaunchAtt -->
