<?xml version="1.0" encoding="UTF-8"?>
<!-- Generated by org.testng.reporters.JUnitReportReporter -->
<testsuite skipped="0" hostname="LAPTOP-RSES787T" name="assignments.TutorialsNinja" tests="14" failures="0" timestamp="2022-12-19T23:49:09 EST" time="55.234" errors="0">
  <testcase name="currencyEuroTest" time="1.847" classname="assignments.TutorialsNinja"/>
  <system-out/>
  <testcase name="searchCameraTest" time="4.705" classname="assignments.TutorialsNinja"/>
  <system-out/>
  <testcase name="selectIphone" time="5.662" classname="assignments.TutorialsNinja"/>
  <system-out/>
  <testcase name="viewCartTest" time="1.538" classname="assignments.TutorialsNinja"/>
  <system-out/>
  <testcase name="updateQuantityTest" time="1.796" classname="assignments.TutorialsNinja"/>
  <system-out/>
  <testcase name="printTaxTest" time="1.757" classname="assignments.TutorialsNinja"/>
  <system-out/>
  <testcase name="errorMsgRemove" time="1.099" classname="assignments.TutorialsNinja"/>
  <system-out/>
  <testcase name="macBookTest" time="4.494" classname="assignments.TutorialsNinja"/>
  <system-out/>
  <testcase name="enterCouponCodeTest" time="3.700" classname="assignments.TutorialsNinja"/>
  <system-out/>
  <testcase name="enterGiftCertTest" time="2.303" classname="assignments.TutorialsNinja"/>
  <system-out/>
  <testcase name="clearValuesCheckoutTest" time="10.298" classname="assignments.TutorialsNinja"/>
  <system-out/>
  <testcase name="registerDetailsTest" time="7.402" classname="assignments.TutorialsNinja"/>
  <system-out/>
  <testcase name="commentsErrorMsgTest" time="2.953" classname="assignments.TutorialsNinja"/>
  <system-out/>
  <testcase name="contactUsTest" time="5.680" classname="assignments.TutorialsNinja"/>
  <system-out/>
</testsuite> <!-- assignments.TutorialsNinja -->
